<?xml version="1.0" encoding="UTF-8"?>
<!-- Generated by org.testng.reporters.JUnitReportReporter -->
<testsuite hostname="DESKTOP-RSCG5DB" failures="0" tests="1" name="test.SampleTest" time="13.521" errors="0" timestamp="2021-10-05T11:59:04 EDT" skipped="0">
  <testcase classname="test.SampleTest" name="sampleMethodForAspirationTest" time="13.521"/>
  <system-out/>
</testsuite> <!-- test.SampleTest -->
