<?xml version="1.0" encoding="UTF-8"?>
<!-- Generated by org.testng.reporters.JUnitReportReporter -->
<testsuite hostname="DESKTOP-RSCG5DB" failures="0" tests="1" name="testRunner.TestRun" time="18.983" errors="0" timestamp="2021-10-08T10:36:41 EDT" skipped="0">
  <testcase classname="testRunner.TestRun" name="runScenario" time="18.983"/>
  <system-out/>
</testsuite> <!-- testRunner.TestRun -->
